2020-11-20 10:44:29.004 halo-blog [main] INFO  c.e.evaluation.EvaluationApplication - Starting EvaluationApplication using Java 1.8.0_121 on ayxworxfr with PID 8788 (I:\web\project-todo\title-evaluation\target\classes started by 安羽兮 in I:\web\project-todo\title-evaluation)
2020-11-20 10:44:29.008 halo-blog [main] INFO  c.e.evaluation.EvaluationApplication - No active profile set, falling back to default profiles: default
2020-11-20 10:44:30.671 halo-blog [main] INFO  o.s.b.w.e.tomcat.TomcatWebServer - Tomcat initialized with port(s): 8486 (http)
2020-11-20 10:44:30.681 halo-blog [main] INFO  o.a.coyote.http11.Http11NioProtocol - Initializing ProtocolHandler ["http-nio-8486"]
2020-11-20 10:44:30.681 halo-blog [main] INFO  o.a.catalina.core.StandardService - Starting service [Tomcat]
2020-11-20 10:44:30.682 halo-blog [main] INFO  o.a.catalina.core.StandardEngine - Starting Servlet engine: [Apache Tomcat/9.0.39]
2020-11-20 10:44:30.768 halo-blog [main] INFO  o.a.c.c.C.[Tomcat].[localhost].[/] - Initializing Spring embedded WebApplicationContext
2020-11-20 10:44:30.769 halo-blog [main] INFO  o.s.b.w.s.c.ServletWebServerApplicationContext - Root WebApplicationContext: initialization completed in 1675 ms
2020-11-20 10:44:31.001 halo-blog [main] INFO  c.a.d.s.b.a.DruidDataSourceAutoConfigure - Init DruidDataSource
2020-11-20 10:44:31.391 halo-blog [main] INFO  c.alibaba.druid.pool.DruidDataSource - {dataSource-1} inited
2020-11-20 10:44:32.186 halo-blog [main] INFO  o.s.s.c.ThreadPoolTaskExecutor - Initializing ExecutorService 'applicationTaskExecutor'
2020-11-20 10:44:32.441 halo-blog [main] INFO  o.a.coyote.http11.Http11NioProtocol - Starting ProtocolHandler ["http-nio-8486"]
2020-11-20 10:44:32.470 halo-blog [main] INFO  o.s.b.w.e.tomcat.TomcatWebServer - Tomcat started on port(s): 8486 (http) with context path ''
2020-11-20 10:44:32.482 halo-blog [main] INFO  c.e.evaluation.EvaluationApplication - Started EvaluationApplication in 4.347 seconds (JVM running for 7.149)
2020-11-20 10:44:41.811 halo-blog [SpringContextShutdownHook] INFO  o.s.s.c.ThreadPoolTaskExecutor - Shutting down ExecutorService 'applicationTaskExecutor'
2020-11-20 10:44:41.814 halo-blog [SpringContextShutdownHook] INFO  c.alibaba.druid.pool.DruidDataSource - {dataSource-1} closing ...
2020-11-20 10:44:41.829 halo-blog [SpringContextShutdownHook] INFO  c.alibaba.druid.pool.DruidDataSource - {dataSource-1} closed
2020-11-20 11:12:46.079 halo-blog [main] INFO  c.e.evaluation.EvaluationApplication - Starting EvaluationApplication using Java 1.8.0_121 on ayxworxfr with PID 2892 (I:\web\project-todo\title-evaluation\target\classes started by 安羽兮 in I:\web\project-todo\title-evaluation)
2020-11-20 11:12:46.083 halo-blog [main] INFO  c.e.evaluation.EvaluationApplication - No active profile set, falling back to default profiles: default
2020-11-20 11:12:47.256 halo-blog [main] INFO  o.s.b.w.e.tomcat.TomcatWebServer - Tomcat initialized with port(s): 8486 (http)
2020-11-20 11:12:47.267 halo-blog [main] INFO  o.a.coyote.http11.Http11NioProtocol - Initializing ProtocolHandler ["http-nio-8486"]
2020-11-20 11:12:47.267 halo-blog [main] INFO  o.a.catalina.core.StandardService - Starting service [Tomcat]
2020-11-20 11:12:47.267 halo-blog [main] INFO  o.a.catalina.core.StandardEngine - Starting Servlet engine: [Apache Tomcat/9.0.39]
2020-11-20 11:12:47.343 halo-blog [main] INFO  o.a.c.c.C.[Tomcat].[localhost].[/] - Initializing Spring embedded WebApplicationContext
2020-11-20 11:12:47.343 halo-blog [main] INFO  o.s.b.w.s.c.ServletWebServerApplicationContext - Root WebApplicationContext: initialization completed in 1194 ms
2020-11-20 11:12:47.541 halo-blog [main] INFO  c.a.d.s.b.a.DruidDataSourceAutoConfigure - Init DruidDataSource
2020-11-20 11:12:47.872 halo-blog [main] INFO  c.alibaba.druid.pool.DruidDataSource - {dataSource-1} inited
2020-11-20 11:12:48.556 halo-blog [main] INFO  o.s.s.c.ThreadPoolTaskExecutor - Initializing ExecutorService 'applicationTaskExecutor'
2020-11-20 11:12:48.781 halo-blog [main] INFO  o.a.coyote.http11.Http11NioProtocol - Starting ProtocolHandler ["http-nio-8486"]
2020-11-20 11:12:48.804 halo-blog [main] INFO  o.s.b.w.e.tomcat.TomcatWebServer - Tomcat started on port(s): 8486 (http) with context path ''
2020-11-20 11:12:48.815 halo-blog [main] INFO  c.e.evaluation.EvaluationApplication - Started EvaluationApplication in 3.476 seconds (JVM running for 5.828)
2020-11-20 11:12:59.526 halo-blog [SpringContextShutdownHook] INFO  o.s.s.c.ThreadPoolTaskExecutor - Shutting down ExecutorService 'applicationTaskExecutor'
2020-11-20 11:12:59.530 halo-blog [SpringContextShutdownHook] INFO  c.alibaba.druid.pool.DruidDataSource - {dataSource-1} closing ...
2020-11-20 11:12:59.546 halo-blog [SpringContextShutdownHook] INFO  c.alibaba.druid.pool.DruidDataSource - {dataSource-1} closed
